d:\peterstuff\vgp332\su21\x\x64\debug\x.pch
d:\peterstuff\vgp332\su21\x64\debug\x.pdb
d:\peterstuff\vgp332\su21\x64\debug\x.idb
d:\peterstuff\vgp332\su21\x\x64\debug\precompiled.obj
d:\peterstuff\vgp332\su21\x\x64\debug\xengine.obj
d:\peterstuff\vgp332\su21\x\x64\debug\vertexutil.obj
d:\peterstuff\vgp332\su21\x\x64\debug\vertexshader.obj
d:\peterstuff\vgp332\su21\x\x64\debug\vertex.obj
d:\peterstuff\vgp332\su21\x\x64\debug\timer.obj
d:\peterstuff\vgp332\su21\x\x64\debug\texturemanager.obj
d:\peterstuff\vgp332\su21\x\x64\debug\texture.obj
d:\peterstuff\vgp332\su21\x\x64\debug\spriterenderer.obj
d:\peterstuff\vgp332\su21\x\x64\debug\soundeffectmanager.obj
d:\peterstuff\vgp332\su21\x\x64\debug\simpledraw.obj
d:\peterstuff\vgp332\su21\x\x64\debug\rendertarget.obj
d:\peterstuff\vgp332\su21\x\x64\debug\pixelshader.obj
d:\peterstuff\vgp332\su21\x\x64\debug\inputsystem.obj
d:\peterstuff\vgp332\su21\x\x64\debug\gui.obj
d:\peterstuff\vgp332\su21\x\x64\debug\graphicssystem.obj
d:\peterstuff\vgp332\su21\x\x64\debug\font.obj
d:\peterstuff\vgp332\su21\x\x64\debug\constantbuffer.obj
d:\peterstuff\vgp332\su21\x\x64\debug\config.obj
d:\peterstuff\vgp332\su21\x\x64\debug\camera.obj
d:\peterstuff\vgp332\su21\x\x64\debug\audiosystem.obj
d:\peterstuff\vgp332\su21\x\x64\debug\xmath.obj
d:\peterstuff\vgp332\su21\x64\debug\x.lib
d:\peterstuff\vgp332\su21\x\x64\debug\x.tlog\cl.command.1.tlog
d:\peterstuff\vgp332\su21\x\x64\debug\x.tlog\cl.read.1.tlog
d:\peterstuff\vgp332\su21\x\x64\debug\x.tlog\cl.write.1.tlog
d:\peterstuff\vgp332\su21\x\x64\debug\x.tlog\lib-link.read.1.tlog
d:\peterstuff\vgp332\su21\x\x64\debug\x.tlog\lib-link.write.1.tlog
d:\peterstuff\vgp332\su21\x\x64\debug\x.tlog\lib.command.1.tlog
